<?xml version="1.0" encoding="UTF-8"?>
<testng-results skipped="0" failed="0" total="0" passed="0">
  <reporter-output>
  </reporter-output>
  <suite name="AppiumTest.Appium.AppTest" duration-ms="4" started-at="2016-10-24T12:20:51Z" finished-at="2016-10-24T12:20:51Z">
    <groups>
    </groups>
    <test name="Command line test" duration-ms="4" started-at="2016-10-24T12:20:51Z" finished-at="2016-10-24T12:20:51Z">
    </test> <!-- Command line test -->
  </suite> <!-- AppiumTest.Appium.AppTest -->
</testng-results>
