-------------------------------------------------------------------------------
Test set: Scenario: Successful login with valid credentials
-------------------------------------------------------------------------------
Tests run: 2, Failures: 0, Errors: 1, Skipped: 0, Time elapsed: 51.38 sec <<< FAILURE! - in Scenario: Successful login with valid credentials
When user navigate to log in page(Scenario: Successful login with valid credentials)  Time elapsed: 0.011 sec  <<< ERROR!
org.openqa.selenium.UnsupportedCommandException: 
timeouts
Build info: version: '3.0.1', revision: '1969d75', time: '2016-10-18 09:49:13 -0700'
System info: host: 'Mr-PC', ip: '192.168.56.1', os.name: 'Windows 7', os.arch: 'x86', os.version: '6.1', java.version: '1.8.0_131'
Driver info: org.openqa.selenium.firefox.FirefoxDriver
Capabilities [{moz:profile=C:\Users\Mr\AppData\Local\Temp\rust_mozprofile.eX8GrpqNoyOT, rotatable=false, timeouts={implicit=0, pageLoad=300000, script=30000}, pageLoadStrategy=normal, moz:headless=false, platform=ANY, moz:accessibilityChecks=false, moz:useNonSpecCompliantPointerOrigin=false, acceptInsecureCerts=false, browserVersion=59.0.1, platformVersion=6.1, moz:processID=2544, browserName=firefox, platformName=windows_nt, moz:webdriverClick=true}]
Session ID: 5c4dbcec-85f1-44ca-94cd-75c3f8f25bdb

