<?xml version="1.0" encoding="UTF-8"?>
<testsuite xmlns:xsi="http://www.w3.org/2001/XMLSchema-instance" xsi:schemaLocation="https://maven.apache.org/surefire/maven-surefire-plugin/xsd/surefire-test-report.xsd" name="Scenario: Successful login with valid credentials" time="51.38" tests="2" errors="1" skipped="0" failures="0">
  <properties>
[...]
</properties>
  <testcase name="Given user is on home page" classname="Scenario: Successful login with valid credentials" time="0.003"/>
  <testcase name="When user navigate to log in page" classname="Scenario: Successful login with valid credentials" time="0.011">
    <error message="timeouts&#10;Build info: version: &apos;3.0.1&apos;, revision: &apos;1969d75&apos;, time: &apos;2016-10-18 09:49:13 -0700&apos;&#10;System info: host: &apos;Mr-PC&apos;, ip: &apos;192.168.56.1&apos;, os.name: &apos;Windows 7&apos;, os.arch: &apos;x86&apos;, os.version: &apos;6.1&apos;, java.version: &apos;1.8.0_131&apos;&#10;Driver info: org.openqa.selenium.firefox.FirefoxDriver&#10;Capabilities [{moz:profile=C:\Users\Mr\AppData\Local\Temp\rust_mozprofile.eX8GrpqNoyOT, rotatable=false, timeouts={implicit=0, pageLoad=300000, script=30000}, pageLoadStrategy=normal, moz:headless=false, platform=ANY, moz:accessibilityChecks=false, moz:useNonSpecCompliantPointerOrigin=false, acceptInsecureCerts=false, browserVersion=59.0.1, platformVersion=6.1, moz:processID=2544, browserName=firefox, platformName=windows_nt, moz:webdriverClick=true}]&#10;Session ID: 5c4dbcec-85f1-44ca-94cd-75c3f8f25bdb" type="org.openqa.selenium.UnsupportedCommandException">org.openqa.selenium.UnsupportedCommandException: 
timeouts
Build info: version: '3.0.1', revision: '1969d75', time: '2016-10-18 09:49:13 -0700'
System info: host: 'Mr-PC', ip: '192.168.56.1', os.name: 'Windows 7', os.arch: 'x86', os.version: '6.1', java.version: '1.8.0_131'
Driver info: org.openqa.selenium.firefox.FirefoxDriver
Capabilities [{moz:profile=C:\Users\Mr\AppData\Local\Temp\rust_mozprofile.eX8GrpqNoyOT, rotatable=false, timeouts={implicit=0, pageLoad=300000, script=30000}, pageLoadStrategy=normal, moz:headless=false, platform=ANY, moz:accessibilityChecks=false, moz:useNonSpecCompliantPointerOrigin=false, acceptInsecureCerts=false, browserVersion=59.0.1, platformVersion=6.1, moz:processID=2544, browserName=firefox, platformName=windows_nt, moz:webdriverClick=true}]
Session ID: 5c4dbcec-85f1-44ca-94cd-75c3f8f25bdb
</error>
    <system-out><![CDATA[navigate to url
]]></system-out>
  </testcase>
</testsuite>