<?xml version="1.0" encoding="UTF-8"?>
<!-- Generated by org.testng.reporters.JUnitXMLReporter -->
<testsuite hostname="Mr-PC" name="Test" tests="3" failures="0" timestamp="6 Oct 2016 07:38:50 GMT" time="24.456" errors="0">
  <testcase name="chromeDriverTest" time="6.716" classname="Selenium.Test.NewTest"/>
  <testcase name="firefoxLauncherTest" time="11.555" classname="Selenium.Test.NewTest"/>
  <testcase name="ieDriverTest" time="4.329" classname="Selenium.Test.NewTest"/>
</testsuite> <!-- Test -->
